<?xml version="1.0" encoding="UTF-8"?>
<!-- Generated by org.testng.reporters.JUnitXMLReporter -->
<testsuite ignored="0" hostname="kranadmin" failures="2" tests="2" name="opening unit management module in public user" time="3.73" errors="0" timestamp="2025-09-29T16:11:50 IST">
  <testcase classname="pagestestscript.ModuleListPageTest" name="verifyThatTheUserIsAbleToClickOnUnitManagementModule" time="0.011">
    <failure type="org.apache.poi.openxml4j.exceptions.ODFNotOfficeXmlFileException" message="The supplied data appears to be in ODF (Open Document) Format. Formats like these (eg ODS, ODP) are not supported, try Apache ODFToolkit">
      <![CDATA[org.apache.poi.openxml4j.exceptions.ODFNotOfficeXmlFileException: The supplied data appears to be in ODF (Open Document) Format. Formats like these (eg ODS, ODP) are not supported, try Apache ODFToolkit
at org.apache.poi.openxml4j.opc.ZipPackage.getPartsImpl(ZipPackage.java:291)
at org.apache.poi.openxml4j.opc.OPCPackage.getParts(OPCPackage.java:749)
at org.apache.poi.openxml4j.opc.OPCPackage.open(OPCPackage.java:322)
at org.apache.poi.ooxml.util.PackageHelper.open(PackageHelper.java:59)
at org.apache.poi.xssf.usermodel.XSSFWorkbook.<init>(XSSFWorkbook.java:290)
at org.apache.poi.xssf.usermodel.XSSFWorkbook.<init>(XSSFWorkbook.java:286)
at pageutilities.ExcelUtility.readStringData(ExcelUtility.java:19)
at pagestestscript.ModuleListPageTest.verifyThatTheUserIsAbleToClickOnUnitManagementModule(ModuleListPageTest.java:19)
at java.base/java.util.ArrayList.forEach(ArrayList.java:1596)
... Removed 25 stack frames]]>
    </failure>
  </testcase> <!-- verifyThatTheUserIsAbleToClickOnUnitManagementModule -->
  <testcase classname="pagestestscript.ModuleListPageTest" name="verifyThatTheUserIsAbleToClickOn_UAC_Module" time="0.007">
    <failure type="org.apache.poi.openxml4j.exceptions.ODFNotOfficeXmlFileException" message="The supplied data appears to be in ODF (Open Document) Format. Formats like these (eg ODS, ODP) are not supported, try Apache ODFToolkit">
      <![CDATA[org.apache.poi.openxml4j.exceptions.ODFNotOfficeXmlFileException: The supplied data appears to be in ODF (Open Document) Format. Formats like these (eg ODS, ODP) are not supported, try Apache ODFToolkit
at org.apache.poi.openxml4j.opc.ZipPackage.getPartsImpl(ZipPackage.java:291)
at org.apache.poi.openxml4j.opc.OPCPackage.getParts(OPCPackage.java:749)
at org.apache.poi.openxml4j.opc.OPCPackage.open(OPCPackage.java:322)
at org.apache.poi.ooxml.util.PackageHelper.open(PackageHelper.java:59)
at org.apache.poi.xssf.usermodel.XSSFWorkbook.<init>(XSSFWorkbook.java:290)
at org.apache.poi.xssf.usermodel.XSSFWorkbook.<init>(XSSFWorkbook.java:286)
at pageutilities.ExcelUtility.readStringData(ExcelUtility.java:19)
at pagestestscript.ModuleListPageTest.verifyThatTheUserIsAbleToClickOn_UAC_Module(ModuleListPageTest.java:30)
at java.base/java.util.ArrayList.forEach(ArrayList.java:1596)
... Removed 25 stack frames]]>
    </failure>
  </testcase> <!-- verifyThatTheUserIsAbleToClickOn_UAC_Module -->
</testsuite> <!-- opening unit management module in public user -->
