<?xml version="1.0" encoding="UTF-8"?>
<!-- Generated by org.testng.reporters.JUnitXMLReporter -->
<testsuite ignored="0" hostname="kranadmin" failures="0" tests="3" name="chrometest" time="9.018" errors="0" timestamp="2025-08-21T11:55:02 IST">
  <testcase classname="paralleltests.ParamTest" name="testLogo" time="0.081"/>
  <testcase classname="paralleltests.ParamTest" name="testTitle" time="0.025"/>
  <testcase classname="paralleltests.ParamTest" name="testURL" time="0.017"/>
</testsuite> <!-- chrometest -->
