<?xml version="1.0" encoding="UTF-8"?>
<!-- Generated by org.testng.reporters.JUnitXMLReporter -->
<testsuite ignored="0" hostname="kranadmin" failures="0" tests="4" name="Test" time="9.559" errors="0" timestamp="2025-08-19T17:26:55 IST">
  <testcase classname="testcase.OrangeHRMTest" name="openapp" time="4.678"/>
  <testcase classname="testcase.OrangeHRMTest" name="testLogo" time="3.062"/>
  <testcase classname="testcase.OrangeHRMTest" name="testlogin" time="1.592"/>
  <testcase classname="testcase.OrangeHRMTest" name="closeApp" time="0.153"/>
</testsuite> <!-- Test -->
