<?xml version="1.0" encoding="UTF-8"?>
<!-- Generated by org.testng.reporters.JUnitXMLReporter -->
<testsuite ignored="0" hostname="kranadmin" failures="1" tests="1" name="Test" time="4.624" errors="0" timestamp="2025-09-12T12:54:01 IST">
  <testcase classname="testCases.TC003_LoginDDT" name="verify_loginDDT" time="0.0">
    <failure type="java.lang.RuntimeException" message="java.io.FileNotFoundException: .\testData\Logindata.xlsx (No such file or directory)">
      <![CDATA[java.lang.RuntimeException: java.io.FileNotFoundException: .\testData\Logindata.xlsx (No such file or directory)
at java.base/java.util.ArrayList.forEach(ArrayList.java:1596)
Caused by: java.io.FileNotFoundException: .\testData\Logindata.xlsx (No such file or directory)
at java.base/java.io.FileInputStream.open0(Native Method)
at java.base/java.io.FileInputStream.open(FileInputStream.java:213)
at java.base/java.io.FileInputStream.<init>(FileInputStream.java:152)
at java.base/java.io.FileInputStream.<init>(FileInputStream.java:106)
at utilities.ExcelUtility.getRowCount(ExcelUtility.java:33)
at utilities.DataProviders.getData(DataProviders.java:14)
... 25 more
... Removed 30 stack frames]]>
    </failure>
  </testcase> <!-- verify_loginDDT -->
</testsuite> <!-- Test -->
