<?xml version="1.0" encoding="UTF-8"?>
<testng-results ignored="0" total="5" passed="0" failed="5" skipped="0">
  <reporter-output>
  </reporter-output>
  <suite started-at="2025-09-29T16:11:38 IST" name="Suite" finished-at="2025-09-29T16:11:50 IST" duration-ms="11122">
    <groups>
    </groups>
    <test started-at="2025-09-29T16:11:38 IST" name="unitlogin" finished-at="2025-09-29T16:11:46 IST" duration-ms="7233">
      <class name="pagestestscript.LoginPageTest">
        <test-method is-config="true" signature="beforeMethod(java.lang.String)[pri:0, instance:pagestestscript.LoginPageTest@702ed190]" started-at="2025-09-29T16:11:38 IST" name="beforeMethod" finished-at="2025-09-29T16:11:42 IST" duration-ms="3242" status="PASS">
          <params>
            <param index="0">
              <value>
                <![CDATA[chrome]]>
              </value>
            </param>
          </params>
          <reporter-output>
          </reporter-output>
        </test-method> <!-- beforeMethod -->
        <test-method signature="verifyThatUserIsAbleToLoginAsPublicUserWithValidCredentials()[pri:0, instance:pagestestscript.LoginPageTest@702ed190]" started-at="2025-09-29T16:11:42 IST" name="verifyThatUserIsAbleToLoginAsPublicUserWithValidCredentials" finished-at="2025-09-29T16:11:42 IST" duration-ms="82" status="FAIL">
          <exception class="org.apache.poi.openxml4j.exceptions.ODFNotOfficeXmlFileException">
            <message>
              <![CDATA[The supplied data appears to be in ODF (Open Document) Format. Formats like these (eg ODS, ODP) are not supported, try Apache ODFToolkit]]>
            </message>
            <full-stacktrace>
              <![CDATA[org.apache.poi.openxml4j.exceptions.ODFNotOfficeXmlFileException: The supplied data appears to be in ODF (Open Document) Format. Formats like these (eg ODS, ODP) are not supported, try Apache ODFToolkit
at org.apache.poi.openxml4j.opc.ZipPackage.getPartsImpl(ZipPackage.java:291)
at org.apache.poi.openxml4j.opc.OPCPackage.getParts(OPCPackage.java:749)
at org.apache.poi.openxml4j.opc.OPCPackage.open(OPCPackage.java:322)
at org.apache.poi.ooxml.util.PackageHelper.open(PackageHelper.java:59)
at org.apache.poi.xssf.usermodel.XSSFWorkbook.<init>(XSSFWorkbook.java:290)
at org.apache.poi.xssf.usermodel.XSSFWorkbook.<init>(XSSFWorkbook.java:286)
at pageutilities.ExcelUtility.readStringData(ExcelUtility.java:19)
at pagestestscript.LoginPageTest.verifyThatUserIsAbleToLoginAsPublicUserWithValidCredentials(LoginPageTest.java:60)
at java.base/jdk.internal.reflect.DirectMethodHandleAccessor.invoke(DirectMethodHandleAccessor.java:103)
at java.base/java.lang.reflect.Method.invoke(Method.java:580)
at org.testng.internal.invokers.MethodInvocationHelper.invokeMethod(MethodInvocationHelper.java:141)
at org.testng.internal.invokers.TestInvoker.invokeMethod(TestInvoker.java:686)
at org.testng.internal.invokers.TestInvoker.invokeTestMethod(TestInvoker.java:230)
at org.testng.internal.invokers.MethodRunner.runInSequence(MethodRunner.java:63)
at org.testng.internal.invokers.TestInvoker$MethodInvocationAgent.invoke(TestInvoker.java:992)
at org.testng.internal.invokers.TestInvoker.invokeTestMethods(TestInvoker.java:203)
at org.testng.internal.invokers.TestMethodWorker.invokeTestMethods(TestMethodWorker.java:154)
at org.testng.internal.invokers.TestMethodWorker.run(TestMethodWorker.java:134)
at java.base/java.util.ArrayList.forEach(ArrayList.java:1596)
at org.testng.TestRunner.privateRun(TestRunner.java:739)
at org.testng.TestRunner.run(TestRunner.java:614)
at org.testng.SuiteRunner.runTest(SuiteRunner.java:421)
at org.testng.SuiteRunner.runSequentially(SuiteRunner.java:413)
at org.testng.SuiteRunner.privateRun(SuiteRunner.java:373)
at org.testng.SuiteRunner.run(SuiteRunner.java:312)
at org.testng.SuiteRunnerWorker.runSuite(SuiteRunnerWorker.java:52)
at org.testng.SuiteRunnerWorker.run(SuiteRunnerWorker.java:95)
at org.testng.TestNG.runSuitesSequentially(TestNG.java:1274)
at org.testng.TestNG.runSuitesLocally(TestNG.java:1208)
at org.testng.TestNG.runSuites(TestNG.java:1112)
at org.testng.TestNG.run(TestNG.java:1079)
at org.testng.remote.AbstractRemoteTestNG.run(AbstractRemoteTestNG.java:115)
at org.testng.remote.RemoteTestNG.initAndRun(RemoteTestNG.java:293)
at org.testng.remote.RemoteTestNG.main(RemoteTestNG.java:91)
]]>
            </full-stacktrace>
          </exception> <!-- org.apache.poi.openxml4j.exceptions.ODFNotOfficeXmlFileException -->
          <reporter-output>
          </reporter-output>
        </test-method> <!-- verifyThatUserIsAbleToLoginAsPublicUserWithValidCredentials -->
        <test-method is-config="true" signature="afterMethod(org.testng.ITestResult)[pri:0, instance:pagestestscript.LoginPageTest@702ed190]" started-at="2025-09-29T16:11:42 IST" name="afterMethod" finished-at="2025-09-29T16:11:42 IST" duration-ms="168" status="PASS">
          <params>
            <param index="0">
              <value>
                <![CDATA[[TestResult name=verifyThatUserIsAbleToLoginAsPublicUserWithValidCredentials status=FAILURE method=LoginPageTest.verifyThatUserIsAbleToLoginAsPublicUserWithValidCredentials()[pri:0, instance:pagestestscript.LoginPageTest@702ed190] output={null}]]]>
              </value>
            </param>
          </params>
          <reporter-output>
          </reporter-output>
        </test-method> <!-- afterMethod -->
        <test-method is-config="true" signature="beforeMethod(java.lang.String)[pri:0, instance:pagestestscript.LoginPageTest@702ed190]" started-at="2025-09-29T16:11:42 IST" name="beforeMethod" finished-at="2025-09-29T16:11:44 IST" duration-ms="1686" status="PASS">
          <params>
            <param index="0">
              <value>
                <![CDATA[chrome]]>
              </value>
            </param>
          </params>
          <reporter-output>
          </reporter-output>
        </test-method> <!-- beforeMethod -->
        <test-method signature="verifyThatUserIsAbleToLoginAsPublicUserWithInvalidCredentials()[pri:0, instance:pagestestscript.LoginPageTest@702ed190]" started-at="2025-09-29T16:11:44 IST" name="verifyThatUserIsAbleToLoginAsPublicUserWithInvalidCredentials" finished-at="2025-09-29T16:11:44 IST" duration-ms="13" status="FAIL">
          <exception class="org.apache.poi.openxml4j.exceptions.ODFNotOfficeXmlFileException">
            <message>
              <![CDATA[The supplied data appears to be in ODF (Open Document) Format. Formats like these (eg ODS, ODP) are not supported, try Apache ODFToolkit]]>
            </message>
            <full-stacktrace>
              <![CDATA[org.apache.poi.openxml4j.exceptions.ODFNotOfficeXmlFileException: The supplied data appears to be in ODF (Open Document) Format. Formats like these (eg ODS, ODP) are not supported, try Apache ODFToolkit
at org.apache.poi.openxml4j.opc.ZipPackage.getPartsImpl(ZipPackage.java:291)
at org.apache.poi.openxml4j.opc.OPCPackage.getParts(OPCPackage.java:749)
at org.apache.poi.openxml4j.opc.OPCPackage.open(OPCPackage.java:322)
at org.apache.poi.ooxml.util.PackageHelper.open(PackageHelper.java:59)
at org.apache.poi.xssf.usermodel.XSSFWorkbook.<init>(XSSFWorkbook.java:290)
at org.apache.poi.xssf.usermodel.XSSFWorkbook.<init>(XSSFWorkbook.java:286)
at pageutilities.ExcelUtility.readStringData(ExcelUtility.java:19)
at pagestestscript.LoginPageTest.verifyThatUserIsAbleToLoginAsPublicUserWithInvalidCredentials(LoginPageTest.java:72)
at java.base/jdk.internal.reflect.DirectMethodHandleAccessor.invoke(DirectMethodHandleAccessor.java:103)
at java.base/java.lang.reflect.Method.invoke(Method.java:580)
at org.testng.internal.invokers.MethodInvocationHelper.invokeMethod(MethodInvocationHelper.java:141)
at org.testng.internal.invokers.TestInvoker.invokeMethod(TestInvoker.java:686)
at org.testng.internal.invokers.TestInvoker.invokeTestMethod(TestInvoker.java:230)
at org.testng.internal.invokers.MethodRunner.runInSequence(MethodRunner.java:63)
at org.testng.internal.invokers.TestInvoker$MethodInvocationAgent.invoke(TestInvoker.java:992)
at org.testng.internal.invokers.TestInvoker.invokeTestMethods(TestInvoker.java:203)
at org.testng.internal.invokers.TestMethodWorker.invokeTestMethods(TestMethodWorker.java:154)
at org.testng.internal.invokers.TestMethodWorker.run(TestMethodWorker.java:134)
at java.base/java.util.ArrayList.forEach(ArrayList.java:1596)
at org.testng.TestRunner.privateRun(TestRunner.java:739)
at org.testng.TestRunner.run(TestRunner.java:614)
at org.testng.SuiteRunner.runTest(SuiteRunner.java:421)
at org.testng.SuiteRunner.runSequentially(SuiteRunner.java:413)
at org.testng.SuiteRunner.privateRun(SuiteRunner.java:373)
at org.testng.SuiteRunner.run(SuiteRunner.java:312)
at org.testng.SuiteRunnerWorker.runSuite(SuiteRunnerWorker.java:52)
at org.testng.SuiteRunnerWorker.run(SuiteRunnerWorker.java:95)
at org.testng.TestNG.runSuitesSequentially(TestNG.java:1274)
at org.testng.TestNG.runSuitesLocally(TestNG.java:1208)
at org.testng.TestNG.runSuites(TestNG.java:1112)
at org.testng.TestNG.run(TestNG.java:1079)
at org.testng.remote.AbstractRemoteTestNG.run(AbstractRemoteTestNG.java:115)
at org.testng.remote.RemoteTestNG.initAndRun(RemoteTestNG.java:293)
at org.testng.remote.RemoteTestNG.main(RemoteTestNG.java:91)
]]>
            </full-stacktrace>
          </exception> <!-- org.apache.poi.openxml4j.exceptions.ODFNotOfficeXmlFileException -->
          <reporter-output>
          </reporter-output>
        </test-method> <!-- verifyThatUserIsAbleToLoginAsPublicUserWithInvalidCredentials -->
        <test-method is-config="true" signature="afterMethod(org.testng.ITestResult)[pri:0, instance:pagestestscript.LoginPageTest@702ed190]" started-at="2025-09-29T16:11:44 IST" name="afterMethod" finished-at="2025-09-29T16:11:44 IST" duration-ms="166" status="PASS">
          <params>
            <param index="0">
              <value>
                <![CDATA[[TestResult name=verifyThatUserIsAbleToLoginAsPublicUserWithInvalidCredentials status=FAILURE method=LoginPageTest.verifyThatUserIsAbleToLoginAsPublicUserWithInvalidCredentials()[pri:0, instance:pagestestscript.LoginPageTest@702ed190] output={null}]]]>
              </value>
            </param>
          </params>
          <reporter-output>
          </reporter-output>
        </test-method> <!-- afterMethod -->
        <test-method is-config="true" signature="beforeMethod(java.lang.String)[pri:0, instance:pagestestscript.LoginPageTest@702ed190]" started-at="2025-09-29T16:11:44 IST" name="beforeMethod" finished-at="2025-09-29T16:11:45 IST" duration-ms="1662" status="PASS">
          <params>
            <param index="0">
              <value>
                <![CDATA[chrome]]>
              </value>
            </param>
          </params>
          <reporter-output>
          </reporter-output>
        </test-method> <!-- beforeMethod -->
        <test-method signature="verifyThatUserisAbleToLoginAsPublicUserWithoutChanginguserType()[pri:0, instance:pagestestscript.LoginPageTest@702ed190]" started-at="2025-09-29T16:11:45 IST" name="verifyThatUserisAbleToLoginAsPublicUserWithoutChanginguserType" finished-at="2025-09-29T16:11:45 IST" duration-ms="7" status="FAIL">
          <exception class="org.apache.poi.openxml4j.exceptions.ODFNotOfficeXmlFileException">
            <message>
              <![CDATA[The supplied data appears to be in ODF (Open Document) Format. Formats like these (eg ODS, ODP) are not supported, try Apache ODFToolkit]]>
            </message>
            <full-stacktrace>
              <![CDATA[org.apache.poi.openxml4j.exceptions.ODFNotOfficeXmlFileException: The supplied data appears to be in ODF (Open Document) Format. Formats like these (eg ODS, ODP) are not supported, try Apache ODFToolkit
at org.apache.poi.openxml4j.opc.ZipPackage.getPartsImpl(ZipPackage.java:291)
at org.apache.poi.openxml4j.opc.OPCPackage.getParts(OPCPackage.java:749)
at org.apache.poi.openxml4j.opc.OPCPackage.open(OPCPackage.java:322)
at org.apache.poi.ooxml.util.PackageHelper.open(PackageHelper.java:59)
at org.apache.poi.xssf.usermodel.XSSFWorkbook.<init>(XSSFWorkbook.java:290)
at org.apache.poi.xssf.usermodel.XSSFWorkbook.<init>(XSSFWorkbook.java:286)
at pageutilities.ExcelUtility.readStringData(ExcelUtility.java:19)
at pagestestscript.LoginPageTest.verifyThatUserisAbleToLoginAsPublicUserWithoutChanginguserType(LoginPageTest.java:82)
at java.base/jdk.internal.reflect.DirectMethodHandleAccessor.invoke(DirectMethodHandleAccessor.java:103)
at java.base/java.lang.reflect.Method.invoke(Method.java:580)
at org.testng.internal.invokers.MethodInvocationHelper.invokeMethod(MethodInvocationHelper.java:141)
at org.testng.internal.invokers.TestInvoker.invokeMethod(TestInvoker.java:686)
at org.testng.internal.invokers.TestInvoker.invokeTestMethod(TestInvoker.java:230)
at org.testng.internal.invokers.MethodRunner.runInSequence(MethodRunner.java:63)
at org.testng.internal.invokers.TestInvoker$MethodInvocationAgent.invoke(TestInvoker.java:992)
at org.testng.internal.invokers.TestInvoker.invokeTestMethods(TestInvoker.java:203)
at org.testng.internal.invokers.TestMethodWorker.invokeTestMethods(TestMethodWorker.java:154)
at org.testng.internal.invokers.TestMethodWorker.run(TestMethodWorker.java:134)
at java.base/java.util.ArrayList.forEach(ArrayList.java:1596)
at org.testng.TestRunner.privateRun(TestRunner.java:739)
at org.testng.TestRunner.run(TestRunner.java:614)
at org.testng.SuiteRunner.runTest(SuiteRunner.java:421)
at org.testng.SuiteRunner.runSequentially(SuiteRunner.java:413)
at org.testng.SuiteRunner.privateRun(SuiteRunner.java:373)
at org.testng.SuiteRunner.run(SuiteRunner.java:312)
at org.testng.SuiteRunnerWorker.runSuite(SuiteRunnerWorker.java:52)
at org.testng.SuiteRunnerWorker.run(SuiteRunnerWorker.java:95)
at org.testng.TestNG.runSuitesSequentially(TestNG.java:1274)
at org.testng.TestNG.runSuitesLocally(TestNG.java:1208)
at org.testng.TestNG.runSuites(TestNG.java:1112)
at org.testng.TestNG.run(TestNG.java:1079)
at org.testng.remote.AbstractRemoteTestNG.run(AbstractRemoteTestNG.java:115)
at org.testng.remote.RemoteTestNG.initAndRun(RemoteTestNG.java:293)
at org.testng.remote.RemoteTestNG.main(RemoteTestNG.java:91)
]]>
            </full-stacktrace>
          </exception> <!-- org.apache.poi.openxml4j.exceptions.ODFNotOfficeXmlFileException -->
          <reporter-output>
          </reporter-output>
        </test-method> <!-- verifyThatUserisAbleToLoginAsPublicUserWithoutChanginguserType -->
        <test-method is-config="true" signature="afterMethod(org.testng.ITestResult)[pri:0, instance:pagestestscript.LoginPageTest@702ed190]" started-at="2025-09-29T16:11:45 IST" name="afterMethod" finished-at="2025-09-29T16:11:46 IST" duration-ms="162" status="PASS">
          <params>
            <param index="0">
              <value>
                <![CDATA[[TestResult name=verifyThatUserisAbleToLoginAsPublicUserWithoutChanginguserType status=FAILURE method=LoginPageTest.verifyThatUserisAbleToLoginAsPublicUserWithoutChanginguserType()[pri:0, instance:pagestestscript.LoginPageTest@702ed190] output={null}]]]>
              </value>
            </param>
          </params>
          <reporter-output>
          </reporter-output>
        </test-method> <!-- afterMethod -->
      </class> <!-- pagestestscript.LoginPageTest -->
    </test> <!-- unitlogin -->
    <test started-at="2025-09-29T16:11:46 IST" name="opening unit management module in public user" finished-at="2025-09-29T16:11:50 IST" duration-ms="3730">
      <class name="pagestestscript.ModuleListPageTest">
        <test-method is-config="true" signature="beforeMethod(java.lang.String)[pri:0, instance:pagestestscript.ModuleListPageTest@5851bd4f]" started-at="2025-09-29T16:11:46 IST" name="beforeMethod" finished-at="2025-09-29T16:11:48 IST" duration-ms="1692" status="PASS">
          <params>
            <param index="0">
              <value>
                <![CDATA[chrome]]>
              </value>
            </param>
          </params>
          <reporter-output>
          </reporter-output>
        </test-method> <!-- beforeMethod -->
        <test-method signature="verifyThatTheUserIsAbleToClickOnUnitManagementModule()[pri:0, instance:pagestestscript.ModuleListPageTest@5851bd4f]" started-at="2025-09-29T16:11:48 IST" name="verifyThatTheUserIsAbleToClickOnUnitManagementModule" finished-at="2025-09-29T16:11:48 IST" duration-ms="11" status="FAIL">
          <exception class="org.apache.poi.openxml4j.exceptions.ODFNotOfficeXmlFileException">
            <message>
              <![CDATA[The supplied data appears to be in ODF (Open Document) Format. Formats like these (eg ODS, ODP) are not supported, try Apache ODFToolkit]]>
            </message>
            <full-stacktrace>
              <![CDATA[org.apache.poi.openxml4j.exceptions.ODFNotOfficeXmlFileException: The supplied data appears to be in ODF (Open Document) Format. Formats like these (eg ODS, ODP) are not supported, try Apache ODFToolkit
at org.apache.poi.openxml4j.opc.ZipPackage.getPartsImpl(ZipPackage.java:291)
at org.apache.poi.openxml4j.opc.OPCPackage.getParts(OPCPackage.java:749)
at org.apache.poi.openxml4j.opc.OPCPackage.open(OPCPackage.java:322)
at org.apache.poi.ooxml.util.PackageHelper.open(PackageHelper.java:59)
at org.apache.poi.xssf.usermodel.XSSFWorkbook.<init>(XSSFWorkbook.java:290)
at org.apache.poi.xssf.usermodel.XSSFWorkbook.<init>(XSSFWorkbook.java:286)
at pageutilities.ExcelUtility.readStringData(ExcelUtility.java:19)
at pagestestscript.ModuleListPageTest.verifyThatTheUserIsAbleToClickOnUnitManagementModule(ModuleListPageTest.java:19)
at java.base/jdk.internal.reflect.DirectMethodHandleAccessor.invoke(DirectMethodHandleAccessor.java:103)
at java.base/java.lang.reflect.Method.invoke(Method.java:580)
at org.testng.internal.invokers.MethodInvocationHelper.invokeMethod(MethodInvocationHelper.java:141)
at org.testng.internal.invokers.TestInvoker.invokeMethod(TestInvoker.java:686)
at org.testng.internal.invokers.TestInvoker.invokeTestMethod(TestInvoker.java:230)
at org.testng.internal.invokers.MethodRunner.runInSequence(MethodRunner.java:63)
at org.testng.internal.invokers.TestInvoker$MethodInvocationAgent.invoke(TestInvoker.java:992)
at org.testng.internal.invokers.TestInvoker.invokeTestMethods(TestInvoker.java:203)
at org.testng.internal.invokers.TestMethodWorker.invokeTestMethods(TestMethodWorker.java:154)
at org.testng.internal.invokers.TestMethodWorker.run(TestMethodWorker.java:134)
at java.base/java.util.ArrayList.forEach(ArrayList.java:1596)
at org.testng.TestRunner.privateRun(TestRunner.java:739)
at org.testng.TestRunner.run(TestRunner.java:614)
at org.testng.SuiteRunner.runTest(SuiteRunner.java:421)
at org.testng.SuiteRunner.runSequentially(SuiteRunner.java:413)
at org.testng.SuiteRunner.privateRun(SuiteRunner.java:373)
at org.testng.SuiteRunner.run(SuiteRunner.java:312)
at org.testng.SuiteRunnerWorker.runSuite(SuiteRunnerWorker.java:52)
at org.testng.SuiteRunnerWorker.run(SuiteRunnerWorker.java:95)
at org.testng.TestNG.runSuitesSequentially(TestNG.java:1274)
at org.testng.TestNG.runSuitesLocally(TestNG.java:1208)
at org.testng.TestNG.runSuites(TestNG.java:1112)
at org.testng.TestNG.run(TestNG.java:1079)
at org.testng.remote.AbstractRemoteTestNG.run(AbstractRemoteTestNG.java:115)
at org.testng.remote.RemoteTestNG.initAndRun(RemoteTestNG.java:293)
at org.testng.remote.RemoteTestNG.main(RemoteTestNG.java:91)
]]>
            </full-stacktrace>
          </exception> <!-- org.apache.poi.openxml4j.exceptions.ODFNotOfficeXmlFileException -->
          <reporter-output>
          </reporter-output>
        </test-method> <!-- verifyThatTheUserIsAbleToClickOnUnitManagementModule -->
        <test-method is-config="true" signature="afterMethod(org.testng.ITestResult)[pri:0, instance:pagestestscript.ModuleListPageTest@5851bd4f]" started-at="2025-09-29T16:11:48 IST" name="afterMethod" finished-at="2025-09-29T16:11:48 IST" duration-ms="172" status="PASS">
          <params>
            <param index="0">
              <value>
                <![CDATA[[TestResult name=verifyThatTheUserIsAbleToClickOnUnitManagementModule status=FAILURE method=ModuleListPageTest.verifyThatTheUserIsAbleToClickOnUnitManagementModule()[pri:0, instance:pagestestscript.ModuleListPageTest@5851bd4f] output={null}]]]>
              </value>
            </param>
          </params>
          <reporter-output>
          </reporter-output>
        </test-method> <!-- afterMethod -->
        <test-method is-config="true" signature="beforeMethod(java.lang.String)[pri:0, instance:pagestestscript.ModuleListPageTest@5851bd4f]" started-at="2025-09-29T16:11:48 IST" name="beforeMethod" finished-at="2025-09-29T16:11:49 IST" duration-ms="1687" status="PASS">
          <params>
            <param index="0">
              <value>
                <![CDATA[chrome]]>
              </value>
            </param>
          </params>
          <reporter-output>
          </reporter-output>
        </test-method> <!-- beforeMethod -->
        <test-method signature="verifyThatTheUserIsAbleToClickOn_UAC_Module()[pri:0, instance:pagestestscript.ModuleListPageTest@5851bd4f]" started-at="2025-09-29T16:11:49 IST" name="verifyThatTheUserIsAbleToClickOn_UAC_Module" finished-at="2025-09-29T16:11:49 IST" duration-ms="7" status="FAIL">
          <exception class="org.apache.poi.openxml4j.exceptions.ODFNotOfficeXmlFileException">
            <message>
              <![CDATA[The supplied data appears to be in ODF (Open Document) Format. Formats like these (eg ODS, ODP) are not supported, try Apache ODFToolkit]]>
            </message>
            <full-stacktrace>
              <![CDATA[org.apache.poi.openxml4j.exceptions.ODFNotOfficeXmlFileException: The supplied data appears to be in ODF (Open Document) Format. Formats like these (eg ODS, ODP) are not supported, try Apache ODFToolkit
at org.apache.poi.openxml4j.opc.ZipPackage.getPartsImpl(ZipPackage.java:291)
at org.apache.poi.openxml4j.opc.OPCPackage.getParts(OPCPackage.java:749)
at org.apache.poi.openxml4j.opc.OPCPackage.open(OPCPackage.java:322)
at org.apache.poi.ooxml.util.PackageHelper.open(PackageHelper.java:59)
at org.apache.poi.xssf.usermodel.XSSFWorkbook.<init>(XSSFWorkbook.java:290)
at org.apache.poi.xssf.usermodel.XSSFWorkbook.<init>(XSSFWorkbook.java:286)
at pageutilities.ExcelUtility.readStringData(ExcelUtility.java:19)
at pagestestscript.ModuleListPageTest.verifyThatTheUserIsAbleToClickOn_UAC_Module(ModuleListPageTest.java:30)
at java.base/jdk.internal.reflect.DirectMethodHandleAccessor.invoke(DirectMethodHandleAccessor.java:103)
at java.base/java.lang.reflect.Method.invoke(Method.java:580)
at org.testng.internal.invokers.MethodInvocationHelper.invokeMethod(MethodInvocationHelper.java:141)
at org.testng.internal.invokers.TestInvoker.invokeMethod(TestInvoker.java:686)
at org.testng.internal.invokers.TestInvoker.invokeTestMethod(TestInvoker.java:230)
at org.testng.internal.invokers.MethodRunner.runInSequence(MethodRunner.java:63)
at org.testng.internal.invokers.TestInvoker$MethodInvocationAgent.invoke(TestInvoker.java:992)
at org.testng.internal.invokers.TestInvoker.invokeTestMethods(TestInvoker.java:203)
at org.testng.internal.invokers.TestMethodWorker.invokeTestMethods(TestMethodWorker.java:154)
at org.testng.internal.invokers.TestMethodWorker.run(TestMethodWorker.java:134)
at java.base/java.util.ArrayList.forEach(ArrayList.java:1596)
at org.testng.TestRunner.privateRun(TestRunner.java:739)
at org.testng.TestRunner.run(TestRunner.java:614)
at org.testng.SuiteRunner.runTest(SuiteRunner.java:421)
at org.testng.SuiteRunner.runSequentially(SuiteRunner.java:413)
at org.testng.SuiteRunner.privateRun(SuiteRunner.java:373)
at org.testng.SuiteRunner.run(SuiteRunner.java:312)
at org.testng.SuiteRunnerWorker.runSuite(SuiteRunnerWorker.java:52)
at org.testng.SuiteRunnerWorker.run(SuiteRunnerWorker.java:95)
at org.testng.TestNG.runSuitesSequentially(TestNG.java:1274)
at org.testng.TestNG.runSuitesLocally(TestNG.java:1208)
at org.testng.TestNG.runSuites(TestNG.java:1112)
at org.testng.TestNG.run(TestNG.java:1079)
at org.testng.remote.AbstractRemoteTestNG.run(AbstractRemoteTestNG.java:115)
at org.testng.remote.RemoteTestNG.initAndRun(RemoteTestNG.java:293)
at org.testng.remote.RemoteTestNG.main(RemoteTestNG.java:91)
]]>
            </full-stacktrace>
          </exception> <!-- org.apache.poi.openxml4j.exceptions.ODFNotOfficeXmlFileException -->
          <reporter-output>
          </reporter-output>
        </test-method> <!-- verifyThatTheUserIsAbleToClickOn_UAC_Module -->
        <test-method is-config="true" signature="afterMethod(org.testng.ITestResult)[pri:0, instance:pagestestscript.ModuleListPageTest@5851bd4f]" started-at="2025-09-29T16:11:49 IST" name="afterMethod" finished-at="2025-09-29T16:11:50 IST" duration-ms="149" status="PASS">
          <params>
            <param index="0">
              <value>
                <![CDATA[[TestResult name=verifyThatTheUserIsAbleToClickOn_UAC_Module status=FAILURE method=ModuleListPageTest.verifyThatTheUserIsAbleToClickOn_UAC_Module()[pri:0, instance:pagestestscript.ModuleListPageTest@5851bd4f] output={null}]]]>
              </value>
            </param>
          </params>
          <reporter-output>
          </reporter-output>
        </test-method> <!-- afterMethod -->
      </class> <!-- pagestestscript.ModuleListPageTest -->
    </test> <!-- opening unit management module in public user -->
  </suite> <!-- Suite -->
</testng-results>
