<?xml version="1.0" encoding="UTF-8"?>
<!-- Generated by org.testng.reporters.JUnitXMLReporter -->
<testsuite ignored="0" hostname="kranadmin" failures="0" tests="4" name="Default test" time="8.869" errors="0" timestamp="2025-08-19T17:15:34 IST">
  <testcase classname="testcase.OrangeHRMTest" name="openapp" time="5.126"/>
  <testcase classname="testcase.OrangeHRMTest" name="testLogo" time="3.079"/>
  <testcase classname="testcase.OrangeHRMTest" name="testlogin" time="0.462"/>
  <testcase classname="testcase.OrangeHRMTest" name="closeApp" time="0.109"/>
</testsuite> <!-- Default test -->
