<?xml version="1.0" encoding="UTF-8"?>
<!-- Generated by org.testng.reporters.JUnitXMLReporter -->
<testsuite ignored="0" hostname="kranadmin" failures="0" tests="1" name="Search Flight Test" time="0.017" errors="0" timestamp="2025-09-19T12:18:00 IST">
  <testcase classname="makemytriptestcases.TestSetup" name="@BeforeSuite setup" time="3.165">
    <failure type="java.lang.NumberFormatException" message="Cannot parse null string">
      <![CDATA[java.lang.NumberFormatException: Cannot parse null string
at java.base/java.lang.Integer.parseInt(Integer.java:624)
at java.base/java.lang.Integer.parseInt(Integer.java:778)
at makemytripbase.BaseTest.driverInitialization(BaseTest.java:32)
at makemytriptestcases.TestSetup.setup(TestSetup.java:16)
... Removed 17 stack frames]]>
    </failure>
  </testcase> <!-- @BeforeSuite setup -->
  <testcase classname="makemytriptestcases.FlightPageTest" name="searchFlight" time="0.0">
    <skipped/>
  </testcase> <!-- searchFlight -->
</testsuite> <!-- Search Flight Test -->
