<?xml version="1.0" encoding="UTF-8"?>
<testng-results ignored="0" total="1" passed="0" failed="0" skipped="1">
  <reporter-output>
  </reporter-output>
  <suite started-at="2025-09-18T12:59:32 IST" name="Framework" finished-at="2025-09-18T12:59:32 IST" duration-ms="29">
    <groups>
    </groups>
    <test started-at="2025-09-18T12:59:32 IST" name="Search Flight Test" finished-at="2025-09-18T12:59:32 IST" duration-ms="29">
      <class name="makemytriptestcases.TestSetup">
        <test-method is-config="true" signature="setup()[pri:0, instance:makemytriptestcases.TestSetup@5f0e9815]" started-at="2025-09-18T12:59:28 IST" name="setup" finished-at="2025-09-18T12:59:32 IST" duration-ms="3586" status="FAIL">
          <exception class="java.lang.NumberFormatException">
            <message>
              <![CDATA[Cannot parse null string]]>
            </message>
            <full-stacktrace>
              <![CDATA[java.lang.NumberFormatException: Cannot parse null string
at java.base/java.lang.Integer.parseInt(Integer.java:624)
at java.base/java.lang.Integer.parseInt(Integer.java:778)
at makemytripbase.BaseTest.driverInitialization(BaseTest.java:21)
at makemytriptestcases.TestSetup.setup(TestSetup.java:16)
at java.base/jdk.internal.reflect.DirectMethodHandleAccessor.invoke(DirectMethodHandleAccessor.java:103)
at java.base/java.lang.reflect.Method.invoke(Method.java:580)
at org.testng.internal.invokers.MethodInvocationHelper.invokeMethod(MethodInvocationHelper.java:141)
at org.testng.internal.invokers.MethodInvocationHelper.invokeMethodConsideringTimeout(MethodInvocationHelper.java:71)
at org.testng.internal.invokers.ConfigInvoker.invokeConfigurationMethod(ConfigInvoker.java:400)
at org.testng.internal.invokers.ConfigInvoker.invokeConfigurations(ConfigInvoker.java:333)
at org.testng.SuiteRunner.privateRun(SuiteRunner.java:358)
at org.testng.SuiteRunner.run(SuiteRunner.java:312)
at org.testng.SuiteRunnerWorker.runSuite(SuiteRunnerWorker.java:52)
at org.testng.SuiteRunnerWorker.run(SuiteRunnerWorker.java:95)
at org.testng.TestNG.runSuitesSequentially(TestNG.java:1274)
at org.testng.TestNG.runSuitesLocally(TestNG.java:1208)
at org.testng.TestNG.runSuites(TestNG.java:1112)
at org.testng.TestNG.run(TestNG.java:1079)
at org.testng.remote.AbstractRemoteTestNG.run(AbstractRemoteTestNG.java:115)
at org.testng.remote.RemoteTestNG.initAndRun(RemoteTestNG.java:293)
at org.testng.remote.RemoteTestNG.main(RemoteTestNG.java:91)
]]>
            </full-stacktrace>
          </exception> <!-- java.lang.NumberFormatException -->
          <reporter-output>
          </reporter-output>
        </test-method> <!-- setup -->
        <test-method is-config="true" signature="tearDown()[pri:0, instance:makemytriptestcases.TestSetup@5f0e9815]" started-at="2025-09-18T12:59:32 IST" name="tearDown" finished-at="2025-09-18T12:59:32 IST" duration-ms="0" status="SKIP">
          <reporter-output>
          </reporter-output>
        </test-method> <!-- tearDown -->
      </class> <!-- makemytriptestcases.TestSetup -->
      <class name="makemytriptestcases.FlightPageTest">
        <test-method signature="searchFlight()[pri:0, instance:makemytriptestcases.FlightPageTest@134d26af]" started-at="2025-09-18T12:59:32 IST" name="searchFlight" finished-at="2025-09-18T12:59:32 IST" duration-ms="0" status="SKIP">
          <exception class="java.lang.NumberFormatException">
            <message>
              <![CDATA[Cannot parse null string]]>
            </message>
            <full-stacktrace>
              <![CDATA[java.lang.NumberFormatException: Cannot parse null string
at java.base/java.lang.Integer.parseInt(Integer.java:624)
at java.base/java.lang.Integer.parseInt(Integer.java:778)
at makemytripbase.BaseTest.driverInitialization(BaseTest.java:21)
at makemytriptestcases.TestSetup.setup(TestSetup.java:16)
at java.base/jdk.internal.reflect.DirectMethodHandleAccessor.invoke(DirectMethodHandleAccessor.java:103)
at java.base/java.lang.reflect.Method.invoke(Method.java:580)
at org.testng.internal.invokers.MethodInvocationHelper.invokeMethod(MethodInvocationHelper.java:141)
at org.testng.internal.invokers.MethodInvocationHelper.invokeMethodConsideringTimeout(MethodInvocationHelper.java:71)
at org.testng.internal.invokers.ConfigInvoker.invokeConfigurationMethod(ConfigInvoker.java:400)
at org.testng.internal.invokers.ConfigInvoker.invokeConfigurations(ConfigInvoker.java:333)
at org.testng.SuiteRunner.privateRun(SuiteRunner.java:358)
at org.testng.SuiteRunner.run(SuiteRunner.java:312)
at org.testng.SuiteRunnerWorker.runSuite(SuiteRunnerWorker.java:52)
at org.testng.SuiteRunnerWorker.run(SuiteRunnerWorker.java:95)
at org.testng.TestNG.runSuitesSequentially(TestNG.java:1274)
at org.testng.TestNG.runSuitesLocally(TestNG.java:1208)
at org.testng.TestNG.runSuites(TestNG.java:1112)
at org.testng.TestNG.run(TestNG.java:1079)
at org.testng.remote.AbstractRemoteTestNG.run(AbstractRemoteTestNG.java:115)
at org.testng.remote.RemoteTestNG.initAndRun(RemoteTestNG.java:293)
at org.testng.remote.RemoteTestNG.main(RemoteTestNG.java:91)
]]>
            </full-stacktrace>
          </exception> <!-- java.lang.NumberFormatException -->
          <reporter-output>
          </reporter-output>
        </test-method> <!-- searchFlight -->
      </class> <!-- makemytriptestcases.FlightPageTest -->
    </test> <!-- Search Flight Test -->
  </suite> <!-- Framework -->
</testng-results>
