<?xml version="1.0" encoding="UTF-8"?>
<testng-results ignored="0" total="4" passed="4" failed="0" skipped="0">
  <reporter-output>
  </reporter-output>
  <suite started-at="2025-08-19T17:26:46 IST" name="Suite" finished-at="2025-08-19T17:26:55 IST" duration-ms="9559">
    <groups>
    </groups>
    <test started-at="2025-08-19T17:26:46 IST" name="Test" finished-at="2025-08-19T17:26:55 IST" duration-ms="9559">
      <class name="testcase.OrangeHRMTest">
        <test-method signature="openapp()[pri:1, instance:testcase.OrangeHRMTest@67c27493]" started-at="2025-08-19T17:26:46 IST" name="openapp" finished-at="2025-08-19T17:26:51 IST" duration-ms="4678" status="PASS">
          <reporter-output>
          </reporter-output>
        </test-method> <!-- openapp -->
        <test-method signature="testLogo()[pri:2, instance:testcase.OrangeHRMTest@67c27493]" started-at="2025-08-19T17:26:51 IST" name="testLogo" finished-at="2025-08-19T17:26:54 IST" duration-ms="3062" status="PASS">
          <reporter-output>
          </reporter-output>
        </test-method> <!-- testLogo -->
        <test-method signature="testlogin()[pri:3, instance:testcase.OrangeHRMTest@67c27493]" started-at="2025-08-19T17:26:54 IST" name="testlogin" finished-at="2025-08-19T17:26:55 IST" duration-ms="1592" status="PASS">
          <reporter-output>
          </reporter-output>
        </test-method> <!-- testlogin -->
        <test-method signature="closeApp()[pri:4, instance:testcase.OrangeHRMTest@67c27493]" started-at="2025-08-19T17:26:55 IST" name="closeApp" finished-at="2025-08-19T17:26:55 IST" duration-ms="153" status="PASS">
          <reporter-output>
          </reporter-output>
        </test-method> <!-- closeApp -->
      </class> <!-- testcase.OrangeHRMTest -->
    </test> <!-- Test -->
  </suite> <!-- Suite -->
</testng-results>
