<?xml version="1.0" encoding="UTF-8"?>
<!-- Generated by org.testng.reporters.JUnitXMLReporter -->
<testsuite ignored="6" hostname="kranadmin" failures="0" tests="2" name="groupingtests" time="0.028" errors="0" timestamp="2025-08-20T16:37:09 IST">
  <testcase classname="groupingtests.PaymentsTests" name="paymentinRupees" time="0.005"/>
  <testcase classname="groupingtests.PaymentsTests" name="paymentinDollars" time="0.001"/>
  <testcase classname="groupingtests.LoginTests" name="loginByFacebook" time="0.0">
    <ignored/>
  </testcase> <!-- loginByFacebook -->
  <testcase classname="groupingtests.SignupTests" name="signupbytwitter" time="0.0">
    <ignored/>
  </testcase> <!-- signupbytwitter -->
  <testcase classname="groupingtests.SignupTests" name="signupbyemail" time="0.0">
    <ignored/>
  </testcase> <!-- signupbyemail -->
  <testcase classname="groupingtests.LoginTests" name="loginByEmail" time="0.0">
    <ignored/>
  </testcase> <!-- loginByEmail -->
  <testcase classname="groupingtests.LoginTests" name="loginByTwitter" time="0.0">
    <ignored/>
  </testcase> <!-- loginByTwitter -->
  <testcase classname="groupingtests.SignupTests" name="signupbyfacebook" time="0.0">
    <ignored/>
  </testcase> <!-- signupbyfacebook -->
</testsuite> <!-- groupingtests -->
