<?xml version="1.0" encoding="UTF-8"?>
<testng-results ignored="0" total="1" passed="1" failed="0" skipped="0">
  <reporter-output>
  </reporter-output>
  <suite started-at="2025-09-01T17:09:25 IST" name="Master Suite" finished-at="2025-09-01T17:09:29 IST" duration-ms="4963">
    <groups>
    </groups>
    <test started-at="2025-09-01T17:09:25 IST" name="Test" finished-at="2025-09-01T17:09:29 IST" duration-ms="4963">
      <class name="testCases.TC001_AccountRegistrationTest">
        <test-method is-config="true" signature="setup(java.lang.String,java.lang.String)[pri:0, instance:testCases.TC001_AccountRegistrationTest@3a0d172f]" started-at="2025-09-01T17:09:25 IST" name="setup" finished-at="2025-09-01T17:09:27 IST" duration-ms="2364" status="PASS">
          <params>
            <param index="0">
              <value>
                <![CDATA[Windows]]>
              </value>
            </param>
            <param index="1">
              <value>
                <![CDATA[chrome]]>
              </value>
            </param>
          </params>
          <reporter-output>
          </reporter-output>
        </test-method> <!-- setup -->
        <test-method signature="verify_account_registration()[pri:0, instance:testCases.TC001_AccountRegistrationTest@3a0d172f]" started-at="2025-09-01T17:09:27 IST" name="verify_account_registration" finished-at="2025-09-01T17:09:29 IST" duration-ms="2488" status="PASS">
          <reporter-output>
          </reporter-output>
        </test-method> <!-- verify_account_registration -->
        <test-method is-config="true" signature="tearDown()[pri:0, instance:testCases.TC001_AccountRegistrationTest@3a0d172f]" started-at="2025-09-01T17:09:29 IST" name="tearDown" finished-at="2025-09-01T17:09:29 IST" duration-ms="82" status="PASS">
          <reporter-output>
          </reporter-output>
        </test-method> <!-- tearDown -->
      </class> <!-- testCases.TC001_AccountRegistrationTest -->
    </test> <!-- Test -->
  </suite> <!-- Master Suite -->
</testng-results>
